mode: atomic
awesomeProject/beacon/p2p_network/libs/common/addr.go:10.53,12.16 2 0
awesomeProject/beacon/p2p_network/libs/common/addr.go:16.2,18.27 2 0
awesomeProject/beacon/p2p_network/libs/common/addr.go:12.16,14.3 1 0
awesomeProject/beacon/p2p_network/libs/common/addr.go:21.34,22.43 1 0
awesomeProject/beacon/p2p_network/libs/common/addr.go:26.2,26.11 1 0
awesomeProject/beacon/p2p_network/libs/common/addr.go:22.43,24.3 1 0
awesomeProject/beacon/p2p_network/libs/common/addr.go:29.36,33.20 3 0
awesomeProject/beacon/p2p_network/libs/common/addr.go:37.2,37.12 1 0
awesomeProject/beacon/p2p_network/libs/common/addr.go:33.20,35.3 1 0
awesomeProject/beacon/p2p_network/libs/common/codec.go:26.24,31.2 1 2
awesomeProject/beacon/p2p_network/libs/common/codec.go:33.67,40.48 5 4
awesomeProject/beacon/p2p_network/libs/common/codec.go:44.2,46.26 2 3
awesomeProject/beacon/p2p_network/libs/common/codec.go:50.2,55.22 4 3
awesomeProject/beacon/p2p_network/libs/common/codec.go:40.48,41.109 1 1
awesomeProject/beacon/p2p_network/libs/common/codec.go:46.26,47.100 1 0
awesomeProject/beacon/p2p_network/libs/common/codec.go:58.58,64.29 4 2
awesomeProject/beacon/p2p_network/libs/common/codec.go:68.2,69.17 2 2
awesomeProject/beacon/p2p_network/libs/common/codec.go:73.2,76.43 3 1
awesomeProject/beacon/p2p_network/libs/common/codec.go:64.29,66.3 1 0
awesomeProject/beacon/p2p_network/libs/common/codec.go:69.17,71.3 1 1
awesomeProject/beacon/p2p_network/libs/common/codec.go:79.59,80.19 1 2
awesomeProject/beacon/p2p_network/libs/common/codec.go:84.2,91.17 6 2
awesomeProject/beacon/p2p_network/libs/common/codec.go:95.2,97.25 2 1
awesomeProject/beacon/p2p_network/libs/common/codec.go:101.2,101.51 1 1
awesomeProject/beacon/p2p_network/libs/common/codec.go:80.19,82.3 1 0
awesomeProject/beacon/p2p_network/libs/common/codec.go:91.17,93.3 1 1
awesomeProject/beacon/p2p_network/libs/common/codec.go:97.25,99.3 1 0
awesomeProject/beacon/p2p_network/libs/cryptographic/id.go:32.62,35.2 2 101
awesomeProject/beacon/p2p_network/libs/cryptographic/id.go:38.24,40.2 1 0
awesomeProject/beacon/p2p_network/libs/cryptographic/id.go:43.29,51.2 7 100
awesomeProject/beacon/p2p_network/libs/cryptographic/id.go:54.30,62.2 5 0
awesomeProject/beacon/p2p_network/libs/cryptographic/id.go:66.42,67.30 1 4
awesomeProject/beacon/p2p_network/libs/cryptographic/id.go:71.2,76.28 4 3
awesomeProject/beacon/p2p_network/libs/cryptographic/id.go:80.2,85.18 4 2
awesomeProject/beacon/p2p_network/libs/cryptographic/id.go:89.2,91.35 2 1
awesomeProject/beacon/p2p_network/libs/cryptographic/id.go:67.30,69.3 1 1
awesomeProject/beacon/p2p_network/libs/cryptographic/id.go:76.28,78.3 1 1
awesomeProject/beacon/p2p_network/libs/cryptographic/id.go:85.18,87.3 1 1
awesomeProject/beacon/p2p_network/libs/cryptographic/keys.go:37.91,39.16 2 0
awesomeProject/beacon/p2p_network/libs/cryptographic/keys.go:43.2,46.35 3 0
awesomeProject/beacon/p2p_network/libs/cryptographic/keys.go:39.16,41.3 1 0
awesomeProject/beacon/p2p_network/libs/cryptographic/keys.go:50.56,52.2 1 0
awesomeProject/beacon/p2p_network/libs/cryptographic/keys.go:55.36,57.2 1 100
awesomeProject/beacon/p2p_network/libs/cryptographic/keys.go:60.50,62.2 1 0
awesomeProject/beacon/p2p_network/libs/cryptographic/keys.go:65.46,67.2 1 0
awesomeProject/beacon/p2p_network/libs/cryptographic/keys.go:70.37,72.2 1 0
awesomeProject/beacon/p2p_network/libs/cryptographic/keys.go:75.51,77.2 1 0
awesomeProject/beacon/p2p_network/libs/cryptographic/keys.go:80.40,85.2 3 0
awesomeProject/beacon/p2p_network/libs/cryptographic/aead.go:9.65,12.47 2 0
awesomeProject/beacon/p2p_network/libs/cryptographic/aead.go:16.2,16.88 1 0
awesomeProject/beacon/p2p_network/libs/cryptographic/aead.go:12.47,14.3 1 0
awesomeProject/beacon/p2p_network/libs/cryptographic/aead.go:19.65,20.34 1 0
awesomeProject/beacon/p2p_network/libs/cryptographic/aead.go:24.2,27.47 3 0
awesomeProject/beacon/p2p_network/libs/cryptographic/aead.go:20.34,22.3 1 0
awesomeProject/beacon/p2p_network/libs/cryptographic/ecdh.go:14.78,22.103 3 0
awesomeProject/beacon/p2p_network/libs/cryptographic/ecdh.go:26.2,27.16 2 0
awesomeProject/beacon/p2p_network/libs/cryptographic/ecdh.go:31.2,31.20 1 0
awesomeProject/beacon/p2p_network/libs/cryptographic/ecdh.go:22.103,24.3 1 0
awesomeProject/beacon/p2p_network/libs/cryptographic/ecdh.go:27.16,29.3 1 0
